<?xml version="1.0" encoding="UTF-8"?>
<!-- Generated by org.testng.reporters.JUnitXMLReporter -->
<testsuite ignored="0" hostname="DESKTOP-5HO9OTC" failures="0" tests="4" name="Default test" time="15.342" errors="0" timestamp="2023-02-04T16:41:27 BDT">
  <testcase classname="login.test.LoginPageTest" name="verifyInvalidLogin" time="2.177"/>
  <testcase classname="login.test.LoginPageTest" name="verifyInvalidLogin" time="1.841"/>
  <testcase classname="login.test.LoginPageTest" name="verifyInvalidLogin" time="1.824"/>
  <testcase classname="login.test.LoginPageTest" name="verifyValidLogin" time="1.606"/>
</testsuite> <!-- Default test -->
