<?xml version="1.0" encoding="UTF-8"?>
<!-- Generated by org.testng.reporters.JUnitXMLReporter -->
<testsuite ignored="0" hostname="DESKTOP-5HO9OTC" failures="0" tests="4" name="Test" time="63.568" errors="0" timestamp="2023-02-04T13:31:11 BDT">
  <testcase classname="login.test.LoginPageTest" name="verifyInvalidLogin" time="3.136"/>
  <testcase classname="login.test.LoginPageTest" name="verifyInvalidLogin" time="3.563"/>
  <testcase classname="login.test.LoginPageTest" name="verifyInvalidLogin" time="2.144"/>
  <testcase classname="login.test.LoginPageTest" name="verifyValidLogin" time="2.252"/>
</testsuite> <!-- Test -->
